<?xml version="1.0" encoding="UTF-8"?>
<testsuite xmlns:xsi="http://www.w3.org/2001/XMLSchema-instance" xsi:noNamespaceSchemaLocation="https://maven.apache.org/surefire/maven-surefire-plugin/xsd/surefire-test-report-3.0.xsd" version="3.0" name="cucumber.Options.TestRunner" time="5.624" tests="5" errors="0" skipped="0" failures="0">
  <properties>
[...]
</properties>
  <testcase name="runScenario[&quot;Validate if user can add place in the server using the add place API&quot;, &quot;Validate the places API&quot;](1)" classname="cucumber.Options.TestRunner" time="2.586">
    <system-out><![CDATA[the place id is : 570b0394ed5a8fbf91e381efc84f1b57
the place id is : b72abc084e84a30fb072820337e057fe
]]></system-out>
    <system-err><![CDATA[SLF4J: Failed to load class "org.slf4j.impl.StaticLoggerBinder".
SLF4J: Defaulting to no-operation (NOP) logger implementation
SLF4J: See http://www.slf4j.org/codes.html#StaticLoggerBinder for further details.
]]></system-err>
  </testcase>
  <testcase name="runScenario[&quot;Validate if user can add place in the server using the add place API&quot;, &quot;Validate the places API&quot;](2)" classname="cucumber.Options.TestRunner" time="0.181">
    <system-out><![CDATA[the place id is : 8e906e62d1221747002cc87bed9e6675
]]></system-out>
  </testcase>
  <testcase name="runScenario[&quot;Validate if user can add place in the server using the add place API&quot;, &quot;Validate the places API&quot;](3)" classname="cucumber.Options.TestRunner" time="0.172">
    <system-out><![CDATA[the place id is : 5db092e71ff7e5b343051c0647f64f49
]]></system-out>
  </testcase>
  <testcase name="runScenario[&quot;Validate if user can add place in the server using the add place API&quot;, &quot;Validate the places API&quot;](4)" classname="cucumber.Options.TestRunner" time="0.168">
    <system-out><![CDATA[the place id is : 27e6eaf2d8f19ae315bf695cd66c4bf0
]]></system-out>
  </testcase>
  <testcase name="runScenario[&quot;validate if user can fetch the place added using the get place API&quot;, &quot;Validate the places API&quot;](5)" classname="cucumber.Options.TestRunner" time="0.987">
    <system-out><![CDATA[io.restassured.internal.RequestSpecificationImpl@4fd7b79
D-house
]]></system-out>
  </testcase>
</testsuite>