<?xml version="1.0" encoding="UTF-8"?>
<testng-results ignored="0" total="5" passed="5" failed="0" skipped="0">
  <reporter-output>
  </reporter-output>
  <suite started-at="2024-06-19T18:41:29 IST" name="Surefire suite" finished-at="2024-06-19T18:41:34 IST" duration-ms="4646">
    <groups>
      <group name="cucumber">
        <method signature="AbstractTestNGCucumberTests.runScenario(io.cucumber.testng.PickleWrapper,io.cucumber.testng.FeatureWrapper)[pri:0, instance:cucumber.Options.TestRunner@71def8f8]" name="runScenario" class="io.cucumber.testng.AbstractTestNGCucumberTests"/>
      </group> <!-- cucumber -->
    </groups>
    <test started-at="2024-06-19T18:41:29 IST" name="Surefire test" finished-at="2024-06-19T18:41:34 IST" duration-ms="4646">
      <class name="cucumber.Options.TestRunner">
        <test-method is-config="true" signature="setUpClass(org.testng.ITestContext)[pri:0, instance:cucumber.Options.TestRunner@71def8f8]" started-at="2024-06-19T18:41:29 IST" name="setUpClass" finished-at="2024-06-19T18:41:29 IST" duration-ms="274" status="PASS">
          <params>
            <param index="0">
              <value>
                <![CDATA[org.testng.TestRunner@4571cebe]]>
              </value>
            </param>
          </params>
          <reporter-output>
          </reporter-output>
        </test-method> <!-- setUpClass -->
        <test-method signature="runScenario(io.cucumber.testng.PickleWrapper,io.cucumber.testng.FeatureWrapper)[pri:0, instance:cucumber.Options.TestRunner@71def8f8]" started-at="2024-06-19T18:41:29 IST" name="runScenario" description="Runs Cucumber Scenarios" data-provider="scenarios" finished-at="2024-06-19T18:41:32 IST" duration-ms="2586" status="PASS">
          <params>
            <param index="0">
              <value>
                <![CDATA["Validate if user can add place in the server using the add place API"]]>
              </value>
            </param>
            <param index="1">
              <value>
                <![CDATA["Validate the places API"]]>
              </value>
            </param>
          </params>
          <reporter-output>
          </reporter-output>
        </test-method> <!-- runScenario -->
        <test-method signature="runScenario(io.cucumber.testng.PickleWrapper,io.cucumber.testng.FeatureWrapper)[pri:0, instance:cucumber.Options.TestRunner@71def8f8]" started-at="2024-06-19T18:41:32 IST" name="runScenario" description="Runs Cucumber Scenarios" data-provider="scenarios" finished-at="2024-06-19T18:41:32 IST" duration-ms="184" status="PASS">
          <params>
            <param index="0">
              <value>
                <![CDATA["Validate if user can add place in the server using the add place API"]]>
              </value>
            </param>
            <param index="1">
              <value>
                <![CDATA["Validate the places API"]]>
              </value>
            </param>
          </params>
          <reporter-output>
          </reporter-output>
        </test-method> <!-- runScenario -->
        <test-method signature="runScenario(io.cucumber.testng.PickleWrapper,io.cucumber.testng.FeatureWrapper)[pri:0, instance:cucumber.Options.TestRunner@71def8f8]" started-at="2024-06-19T18:41:32 IST" name="runScenario" description="Runs Cucumber Scenarios" data-provider="scenarios" finished-at="2024-06-19T18:41:32 IST" duration-ms="172" status="PASS">
          <params>
            <param index="0">
              <value>
                <![CDATA["Validate if user can add place in the server using the add place API"]]>
              </value>
            </param>
            <param index="1">
              <value>
                <![CDATA["Validate the places API"]]>
              </value>
            </param>
          </params>
          <reporter-output>
          </reporter-output>
        </test-method> <!-- runScenario -->
        <test-method signature="runScenario(io.cucumber.testng.PickleWrapper,io.cucumber.testng.FeatureWrapper)[pri:0, instance:cucumber.Options.TestRunner@71def8f8]" started-at="2024-06-19T18:41:32 IST" name="runScenario" description="Runs Cucumber Scenarios" data-provider="scenarios" finished-at="2024-06-19T18:41:32 IST" duration-ms="167" status="PASS">
          <params>
            <param index="0">
              <value>
                <![CDATA["Validate if user can add place in the server using the add place API"]]>
              </value>
            </param>
            <param index="1">
              <value>
                <![CDATA["Validate the places API"]]>
              </value>
            </param>
          </params>
          <reporter-output>
          </reporter-output>
        </test-method> <!-- runScenario -->
        <test-method signature="runScenario(io.cucumber.testng.PickleWrapper,io.cucumber.testng.FeatureWrapper)[pri:0, instance:cucumber.Options.TestRunner@71def8f8]" started-at="2024-06-19T18:41:32 IST" name="runScenario" description="Runs Cucumber Scenarios" data-provider="scenarios" finished-at="2024-06-19T18:41:33 IST" duration-ms="990" status="PASS">
          <params>
            <param index="0">
              <value>
                <![CDATA["validate if user can fetch the place added using the get place API"]]>
              </value>
            </param>
            <param index="1">
              <value>
                <![CDATA["Validate the places API"]]>
              </value>
            </param>
          </params>
          <reporter-output>
          </reporter-output>
        </test-method> <!-- runScenario -->
        <test-method is-config="true" signature="tearDownClass()[pri:0, instance:cucumber.Options.TestRunner@71def8f8]" started-at="2024-06-19T18:41:33 IST" name="tearDownClass" finished-at="2024-06-19T18:41:34 IST" duration-ms="207" status="PASS">
          <reporter-output>
          </reporter-output>
        </test-method> <!-- tearDownClass -->
      </class> <!-- cucumber.Options.TestRunner -->
    </test> <!-- Surefire test -->
  </suite> <!-- Surefire suite -->
</testng-results>
